Using pre-set license
Built from '2020.3/staging' branch; Version is '2020.3.0f1 (c7b5465681fb) revision 13088070'; Using compiler version '192528614'; Build Type 'Release'
OS: 'Windows 10 Pro; OS build 19042.867; Version 2009; 64bit' Language: 'en' Physical Memory: 16336 MB
BatchMode: 1, IsHumanControllingUs: 0, StartBugReporterOnCrash: 0, Is64bit: 1, IsPro: 0

 COMMAND LINE ARGUMENTS:
C:\Program Files\Unity\Hub\Editor\2020.3.0f1\Editor\Unity.exe
-adb2
-batchMode
-noUpm
-name
AssetImportWorker0
-projectPath
D:/Unity Projects/Squashanoid/Squashanoid
-logFile
Logs/AssetImportWorker0.log
-srvPort
51127
Successfully changed project path to: D:/Unity Projects/Squashanoid/Squashanoid
D:/Unity Projects/Squashanoid/Squashanoid
Using Asset Import Pipeline V2.
Refreshing native plugins compatible for Editor in 132.48 ms, found 1 plugins.
Preloading 0 native plugins for Editor in 0.00 ms.
Initialize engine version: 2020.3.0f1 (c7b5465681fb)
[Subsystems] Discovering subsystems at path C:/Program Files/Unity/Hub/Editor/2020.3.0f1/Editor/Data/Resources/UnitySubsystems
[Subsystems] Discovering subsystems at path D:/Unity Projects/Squashanoid/Squashanoid/Assets
GfxDevice: creating device client; threaded=0
Direct3D:
    Version:  Direct3D 11.0 [level 11.1]
    Renderer: NVIDIA GeForce GTX 1060 6GB (ID=0x1c03)
    Vendor:   
    VRAM:     6052 MB
    Driver:   27.21.14.5671
Initialize mono
Mono path[0] = 'C:/Program Files/Unity/Hub/Editor/2020.3.0f1/Editor/Data/Managed'
Mono path[1] = 'C:/Program Files/Unity/Hub/Editor/2020.3.0f1/Editor/Data/MonoBleedingEdge/lib/mono/unityjit'
Mono config path = 'C:/Program Files/Unity/Hub/Editor/2020.3.0f1/Editor/Data/MonoBleedingEdge/etc'
Using monoOptions --debugger-agent=transport=dt_socket,embedding=1,server=y,suspend=n,address=127.0.0.1:56240
Begin MonoManager ReloadAssembly
Registering precompiled unity dll's ...
Register platform support module: C:/Program Files/Unity/Hub/Editor/2020.3.0f1/Editor/Data/PlaybackEngines/WebGLSupport/UnityEditor.WebGL.Extensions.dll
Register platform support module: C:/Program Files/Unity/Hub/Editor/2020.3.0f1/Editor/Data/PlaybackEngines/WindowsStandaloneSupport/UnityEditor.WindowsStandalone.Extensions.dll
Registered in 0.220913 seconds.
Native extension for WindowsStandalone target not found
Native extension for WebGL target not found
Refreshing native plugins compatible for Editor in 52.22 ms, found 1 plugins.
Preloading 0 native plugins for Editor in 0.00 ms.
Invoked RoslynAnalysisRunner static constructor.
RoslynAnalysisRunner will not be running.
RoslynAnalysisRunner has terminated.
Mono: successfully reloaded assembly
- Completed reload, in  4.890 seconds
Platform modules already initialized, skipping
Registering precompiled user dll's ...
Registered in 0.057869 seconds.
Begin MonoManager ReloadAssembly
Native extension for WindowsStandalone target not found
Native extension for WebGL target not found
Refreshing native plugins compatible for Editor in 52.10 ms, found 1 plugins.
Preloading 0 native plugins for Editor in 0.00 ms.
Invoked RoslynAnalysisRunner static constructor.
RoslynAnalysisRunner will not be running.
RoslynAnalysisRunner has terminated.
Mono: successfully reloaded assembly
- Completed reload, in  6.266 seconds
Platform modules already initialized, skipping
========================================================================
Worker process is ready to serve import requests
Launched and connected shader compiler UnityShaderCompiler.exe after 0.66 seconds
Refreshing native plugins compatible for Editor in 0.45 ms, found 1 plugins.
Preloading 0 native plugins for Editor in 0.00 ms.
Unloading 1825 Unused Serialized files (Serialized files now loaded: 0)
System memory in use before: 86.7 MB.
System memory in use after: 86.7 MB.

Unloading 23 unused Assets to reduce memory usage. Loaded Objects now: 2270.
Total: 2.636300 ms (FindLiveObjects: 0.320000 ms CreateObjectMapping: 0.176400 ms MarkObjects: 1.955600 ms  DeleteObjects: 0.182800 ms)

========================================================================
Received Import Request.
  path: Assets/Scenes/Level1.unity
  artifactKey: Guid(2cda990e2423bbf4892e6590ba056729) Importer(815301076,1909f56bfc062723c751e8b465ee728b)
Start importing Assets/Scenes/Level1.unity using Guid(2cda990e2423bbf4892e6590ba056729) Importer(815301076,1909f56bfc062723c751e8b465ee728b)  -> (artifact id: '54f5a5557bb8daea1f241384704bdc6d') in 0.021727 seconds
  Import took 0.025917 seconds .

========================================================================
Received Prepare
Registering precompiled user dll's ...
Registered in 0.001069 seconds.
Begin MonoManager ReloadAssembly
Native extension for WindowsStandalone target not found
Native extension for WebGL target not found
Refreshing native plugins compatible for Editor in 0.41 ms, found 1 plugins.
Preloading 0 native plugins for Editor in 0.00 ms.
Invoked RoslynAnalysisRunner static constructor.
RoslynAnalysisRunner will not be running.
RoslynAnalysisRunner has terminated.
Mono: successfully reloaded assembly
- Completed reload, in  1.245 seconds
Platform modules already initialized, skipping
Refreshing native plugins compatible for Editor in 0.41 ms, found 1 plugins.
Preloading 0 native plugins for Editor in 0.00 ms.
Unloading 1806 Unused Serialized files (Serialized files now loaded: 0)
System memory in use before: 85.6 MB.
System memory in use after: 85.6 MB.

Unloading 11 unused Assets to reduce memory usage. Loaded Objects now: 2274.
Total: 2.239800 ms (FindLiveObjects: 0.200200 ms CreateObjectMapping: 0.069500 ms MarkObjects: 1.820000 ms  DeleteObjects: 0.148900 ms)

========================================================================
Received Prepare
Registering precompiled user dll's ...
Registered in 0.002772 seconds.
Begin MonoManager ReloadAssembly
Native extension for WindowsStandalone target not found
Native extension for WebGL target not found
Refreshing native plugins compatible for Editor in 0.39 ms, found 1 plugins.
Preloading 0 native plugins for Editor in 0.00 ms.
Invoked RoslynAnalysisRunner static constructor.
RoslynAnalysisRunner will not be running.
RoslynAnalysisRunner has terminated.
Mono: successfully reloaded assembly
- Completed reload, in  1.213 seconds
Platform modules already initialized, skipping
Refreshing native plugins compatible for Editor in 0.41 ms, found 1 plugins.
Preloading 0 native plugins for Editor in 0.00 ms.
Unloading 1806 Unused Serialized files (Serialized files now loaded: 0)
System memory in use before: 85.6 MB.
System memory in use after: 85.7 MB.

Unloading 11 unused Assets to reduce memory usage. Loaded Objects now: 2278.
Total: 2.586200 ms (FindLiveObjects: 0.277200 ms CreateObjectMapping: 0.070900 ms MarkObjects: 2.127900 ms  DeleteObjects: 0.108600 ms)

========================================================================
Received Prepare
Registering precompiled user dll's ...
Registered in 0.001111 seconds.
Begin MonoManager ReloadAssembly
Native extension for WindowsStandalone target not found
Native extension for WebGL target not found
Refreshing native plugins compatible for Editor in 0.58 ms, found 1 plugins.
Preloading 0 native plugins for Editor in 0.00 ms.
Invoked RoslynAnalysisRunner static constructor.
RoslynAnalysisRunner will not be running.
RoslynAnalysisRunner has terminated.
Mono: successfully reloaded assembly
- Completed reload, in  1.309 seconds
Platform modules already initialized, skipping
Refreshing native plugins compatible for Editor in 0.42 ms, found 1 plugins.
Preloading 0 native plugins for Editor in 0.00 ms.
Unloading 1806 Unused Serialized files (Serialized files now loaded: 0)
System memory in use before: 85.7 MB.
System memory in use after: 85.7 MB.

Unloading 11 unused Assets to reduce memory usage. Loaded Objects now: 2282.
Total: 2.550600 ms (FindLiveObjects: 0.281200 ms CreateObjectMapping: 0.072000 ms MarkObjects: 2.044100 ms  DeleteObjects: 0.151700 ms)

========================================================================
Received Prepare
Registering precompiled user dll's ...
Registered in 0.001076 seconds.
Begin MonoManager ReloadAssembly
Native extension for WindowsStandalone target not found
Native extension for WebGL target not found
Refreshing native plugins compatible for Editor in 0.45 ms, found 1 plugins.
Preloading 0 native plugins for Editor in 0.00 ms.
Invoked RoslynAnalysisRunner static constructor.
RoslynAnalysisRunner will not be running.
RoslynAnalysisRunner has terminated.
Mono: successfully reloaded assembly
- Completed reload, in  1.318 seconds
Platform modules already initialized, skipping
Refreshing native plugins compatible for Editor in 0.41 ms, found 1 plugins.
Preloading 0 native plugins for Editor in 0.00 ms.
Unloading 1806 Unused Serialized files (Serialized files now loaded: 0)
System memory in use before: 85.7 MB.
System memory in use after: 85.7 MB.

Unloading 11 unused Assets to reduce memory usage. Loaded Objects now: 2286.
Total: 3.053900 ms (FindLiveObjects: 0.435900 ms CreateObjectMapping: 0.246100 ms MarkObjects: 2.257700 ms  DeleteObjects: 0.112500 ms)

========================================================================
Received Prepare
Registering precompiled user dll's ...
Registered in 0.001594 seconds.
Begin MonoManager ReloadAssembly
Native extension for WindowsStandalone target not found
Native extension for WebGL target not found
Refreshing native plugins compatible for Editor in 0.53 ms, found 1 plugins.
Preloading 0 native plugins for Editor in 0.00 ms.
Invoked RoslynAnalysisRunner static constructor.
RoslynAnalysisRunner will not be running.
RoslynAnalysisRunner has terminated.
Mono: successfully reloaded assembly
- Completed reload, in  1.330 seconds
Platform modules already initialized, skipping
Refreshing native plugins compatible for Editor in 0.46 ms, found 1 plugins.
Preloading 0 native plugins for Editor in 0.00 ms.
Unloading 1820 Unused Serialized files (Serialized files now loaded: 0)
System memory in use before: 86.2 MB.
System memory in use after: 86.2 MB.

Unloading 14 unused Assets to reduce memory usage. Loaded Objects now: 2302.
Total: 2.598900 ms (FindLiveObjects: 0.287200 ms CreateObjectMapping: 0.129900 ms MarkObjects: 2.034900 ms  DeleteObjects: 0.145000 ms)

========================================================================
Received Import Request.
  Time since last request: 989.588689 seconds.
  path: Assets/JMO Assets/Cartoon FX Easy Editor
  artifactKey: Guid(7a7171bf41aeb6949b08451fbcd42dd7) Importer(815301076,1909f56bfc062723c751e8b465ee728b)
Start importing Assets/JMO Assets/Cartoon FX Easy Editor using Guid(7a7171bf41aeb6949b08451fbcd42dd7) Importer(815301076,1909f56bfc062723c751e8b465ee728b)  -> (artifact id: 'd3c4ef60d674e491a6c28bb69d88f8f5') in 0.012436 seconds
  Import took 0.016097 seconds .

========================================================================
Received Import Request.
  Time since last request: 2.734288 seconds.
  path: Assets/JMO Assets/Editor
  artifactKey: Guid(632cca2d5218983499321573c76c8e8a) Importer(815301076,1909f56bfc062723c751e8b465ee728b)
Start importing Assets/JMO Assets/Editor using Guid(632cca2d5218983499321573c76c8e8a) Importer(815301076,1909f56bfc062723c751e8b465ee728b)  -> (artifact id: '8c82cdb9cfc5da5e4e085133ec7a20cf') in 0.018776 seconds
  Import took 0.022620 seconds .

========================================================================
Received Import Request.
  Time since last request: 1.013269 seconds.
  path: Assets/JMO Assets/Cartoon FX
  artifactKey: Guid(c865e48369a325f4784ecd8444d1ec51) Importer(815301076,1909f56bfc062723c751e8b465ee728b)
Start importing Assets/JMO Assets/Cartoon FX using Guid(c865e48369a325f4784ecd8444d1ec51) Importer(815301076,1909f56bfc062723c751e8b465ee728b)  -> (artifact id: 'e4bd6a9ad5df45370edf261b252fb1c0') in 0.012859 seconds
  Import took 0.016488 seconds .

========================================================================
Received Import Request.
  Time since last request: 0.000505 seconds.
  path: Assets/JMO Assets/Cartoon FX
  artifactKey: Guid(c865e48369a325f4784ecd8444d1ec51) Importer(815301076,1909f56bfc062723c751e8b465ee728b)
Start importing Assets/JMO Assets/Cartoon FX using Guid(c865e48369a325f4784ecd8444d1ec51) Importer(815301076,1909f56bfc062723c751e8b465ee728b)  -> (artifact id: 'e4bd6a9ad5df45370edf261b252fb1c0') in 0.005322 seconds
  Import took 0.009524 seconds .

========================================================================
Received Import Request.
  Time since last request: 1.366572 seconds.
  path: Assets/JMO Assets/Cartoon FX/CFX Prefabs
  artifactKey: Guid(f348a2fb2f8a7fe4e82fb08818415884) Importer(815301076,1909f56bfc062723c751e8b465ee728b)
Start importing Assets/JMO Assets/Cartoon FX/CFX Prefabs using Guid(f348a2fb2f8a7fe4e82fb08818415884) Importer(815301076,1909f56bfc062723c751e8b465ee728b)  -> (artifact id: '8a6e99164880422c1556d29ef9cb1b7f') in 0.013244 seconds
  Import took 0.017073 seconds .

========================================================================
Received Import Request.
  Time since last request: 1.318830 seconds.
  path: Assets/JMO Assets/Cartoon FX/CFX2 Prefabs
  artifactKey: Guid(84d86077ce20b3d408f08f7cc5cfb4ea) Importer(815301076,1909f56bfc062723c751e8b465ee728b)
Start importing Assets/JMO Assets/Cartoon FX/CFX2 Prefabs using Guid(84d86077ce20b3d408f08f7cc5cfb4ea) Importer(815301076,1909f56bfc062723c751e8b465ee728b)  -> (artifact id: '0b4a57e5accbd04ab0b8f42e4714b983') in 0.013357 seconds
  Import took 0.020680 seconds .

========================================================================
Received Import Request.
  Time since last request: 0.860800 seconds.
  path: Assets/JMO Assets/Cartoon FX/CFX3 Prefabs
  artifactKey: Guid(9358d72e9ab0589469b7c81a782cb400) Importer(815301076,1909f56bfc062723c751e8b465ee728b)
Start importing Assets/JMO Assets/Cartoon FX/CFX3 Prefabs using Guid(9358d72e9ab0589469b7c81a782cb400) Importer(815301076,1909f56bfc062723c751e8b465ee728b)  -> (artifact id: '15ccfd70cee72872ed870a2cbc46a06f') in 0.013879 seconds
  Import took 0.018135 seconds .

========================================================================
Received Import Request.
  Time since last request: 1.438673 seconds.
  path: Assets/JMO Assets/Cartoon FX/CFX4 Prefabs
  artifactKey: Guid(1a4ce55e5c136214387f9cd6fc355972) Importer(815301076,1909f56bfc062723c751e8b465ee728b)
Start importing Assets/JMO Assets/Cartoon FX/CFX4 Prefabs using Guid(1a4ce55e5c136214387f9cd6fc355972) Importer(815301076,1909f56bfc062723c751e8b465ee728b)  -> (artifact id: 'e042bbac3565c8dab2de0bf04a0056bd') in 0.011334 seconds
  Import took 0.016060 seconds .

========================================================================
Received Import Request.
  Time since last request: 0.249186 seconds.
  path: Assets/JMO Assets/Cartoon FX/Demo
  artifactKey: Guid(e6fdcf828c6e2b0449c56aec449fa3c5) Importer(815301076,1909f56bfc062723c751e8b465ee728b)
Start importing Assets/JMO Assets/Cartoon FX/Demo using Guid(e6fdcf828c6e2b0449c56aec449fa3c5) Importer(815301076,1909f56bfc062723c751e8b465ee728b)  -> (artifact id: 'b7c30a3dee2b6b7649d8a653d5d006a9') in 0.011859 seconds
  Import took 0.015702 seconds .

========================================================================
Received Import Request.
  Time since last request: 0.907608 seconds.
  path: Assets/JMO Assets/Cartoon FX/Materials
  artifactKey: Guid(1b2e8b4034e02a44fa55a6d381d7d2f9) Importer(815301076,1909f56bfc062723c751e8b465ee728b)
Start importing Assets/JMO Assets/Cartoon FX/Materials using Guid(1b2e8b4034e02a44fa55a6d381d7d2f9) Importer(815301076,1909f56bfc062723c751e8b465ee728b)  -> (artifact id: '0a55d4569bdc232cf99c085a3d9c3028') in 0.012406 seconds
  Import took 0.016064 seconds .

========================================================================
Received Import Request.
  Time since last request: 6.347066 seconds.
  path: Assets/JMO Assets/Cartoon FX/CFX Prefabs/Electric
  artifactKey: Guid(715add6d7a2eff443bf0aee3cf26e7fc) Importer(815301076,1909f56bfc062723c751e8b465ee728b)
Start importing Assets/JMO Assets/Cartoon FX/CFX Prefabs/Electric using Guid(715add6d7a2eff443bf0aee3cf26e7fc) Importer(815301076,1909f56bfc062723c751e8b465ee728b)  -> (artifact id: '345100bd5025363e098b9ab6aa5a454d') in 0.013480 seconds
  Import took 0.017010 seconds .

========================================================================
Received Import Request.
  Time since last request: 0.141894 seconds.
  path: Assets/JMO Assets/Cartoon FX/CFX Prefabs/Explosions
  artifactKey: Guid(c41f95c98750b744bb429ee2fc6a1d70) Importer(815301076,1909f56bfc062723c751e8b465ee728b)
Start importing Assets/JMO Assets/Cartoon FX/CFX Prefabs/Explosions using Guid(c41f95c98750b744bb429ee2fc6a1d70) Importer(815301076,1909f56bfc062723c751e8b465ee728b)  -> (artifact id: '7c35f3865aa77d15582212d6d441f4d1') in 0.011457 seconds
  Import took 0.015232 seconds .

========================================================================
Received Import Request.
  Time since last request: 1.655057 seconds.
  path: Assets/JMO Assets/Cartoon FX/CFX Prefabs/Hits
  artifactKey: Guid(45653d11d228e594498b3d9119285e35) Importer(815301076,1909f56bfc062723c751e8b465ee728b)
Start importing Assets/JMO Assets/Cartoon FX/CFX Prefabs/Hits using Guid(45653d11d228e594498b3d9119285e35) Importer(815301076,1909f56bfc062723c751e8b465ee728b)  -> (artifact id: '710258ba9e3c1417f2dba91fd1d29c38') in 0.012881 seconds
  Import took 0.016561 seconds .

========================================================================
Received Import Request.
  Time since last request: 0.196909 seconds.
  path: Assets/JMO Assets/Cartoon FX/CFX Prefabs/Hits/CFX_Hit_A Red+RandomText.prefab
  artifactKey: Guid(f95ff734540a0d749be6571b6cb5b37f) Importer(815301076,1909f56bfc062723c751e8b465ee728b)
Start importing Assets/JMO Assets/Cartoon FX/CFX Prefabs/Hits/CFX_Hit_A Red+RandomText.prefab using Guid(f95ff734540a0d749be6571b6cb5b37f) Importer(815301076,1909f56bfc062723c751e8b465ee728b)  -> (artifact id: 'a63e303e4367f1b00b5ca30f9bede182') in 0.066017 seconds
  Import took 0.070288 seconds .

========================================================================
Received Import Request.
  Time since last request: 0.000440 seconds.
  path: Assets/JMO Assets/Cartoon FX/CFX Prefabs/Hits/CFX_Hit_C White.prefab
  artifactKey: Guid(f06e78284f831ae469c74624ab5d513b) Importer(815301076,1909f56bfc062723c751e8b465ee728b)
Start importing Assets/JMO Assets/Cartoon FX/CFX Prefabs/Hits/CFX_Hit_C White.prefab using Guid(f06e78284f831ae469c74624ab5d513b) Importer(815301076,1909f56bfc062723c751e8b465ee728b)  -> (artifact id: '9659084010cd6c8ef247f70688969d9f') in 0.009536 seconds
  Import took 0.012824 seconds .

========================================================================
Received Import Request.
  Time since last request: 0.983040 seconds.
  path: Assets/JMO Assets/Cartoon FX/Materials/Animated/CFX_Anim_Triangle2_Add.mat
  artifactKey: Guid(92089ba5e33f01d418da1bd5ba5c31a6) Importer(815301076,1909f56bfc062723c751e8b465ee728b)
Start importing Assets/JMO Assets/Cartoon FX/Materials/Animated/CFX_Anim_Triangle2_Add.mat using Guid(92089ba5e33f01d418da1bd5ba5c31a6) Importer(815301076,1909f56bfc062723c751e8b465ee728b)  -> (artifact id: '1f774508e9144f68a12cba547d3ccd8c') in 0.119912 seconds
  Import took 0.123946 seconds .

========================================================================
Received Import Request.
  Time since last request: 11.453432 seconds.
  path: Assets/JMO Assets/Cartoon FX/Materials/Animated/CFX_Anim_Triangle_AddSoft.mat
  artifactKey: Guid(944bc1016f6ac38439ec1bf04fab9550) Importer(815301076,1909f56bfc062723c751e8b465ee728b)
Start importing Assets/JMO Assets/Cartoon FX/Materials/Animated/CFX_Anim_Triangle_AddSoft.mat using Guid(944bc1016f6ac38439ec1bf04fab9550) Importer(815301076,1909f56bfc062723c751e8b465ee728b)  -> (artifact id: 'c5987b32a2a57c7681b36c1ff7b43121') in 0.031390 seconds
  Import took 0.035089 seconds .

========================================================================
Received Import Request.
  Time since last request: 0.013085 seconds.
  path: Assets/JMO Assets/Cartoon FX/Materials/Animated/CFX_Anim_Triangle_AddSoft.mat
  artifactKey: Guid(944bc1016f6ac38439ec1bf04fab9550) Importer(815301076,1909f56bfc062723c751e8b465ee728b)
Start importing Assets/JMO Assets/Cartoon FX/Materials/Animated/CFX_Anim_Triangle_AddSoft.mat using Guid(944bc1016f6ac38439ec1bf04fab9550) Importer(815301076,1909f56bfc062723c751e8b465ee728b)  -> (artifact id: 'c5987b32a2a57c7681b36c1ff7b43121') in 0.020926 seconds
  Import took 0.024347 seconds .

========================================================================
Received Import Request.
  Time since last request: 19.747756 seconds.
  path: Assets/JMO Assets/Cartoon FX/CFX Prefabs/Explosions/CFX_Explosion_B_Smoke+Text.prefab
  artifactKey: Guid(46876a2780737ec45a19d62f88e5ce56) Importer(815301076,1909f56bfc062723c751e8b465ee728b)
Start importing Assets/JMO Assets/Cartoon FX/CFX Prefabs/Explosions/CFX_Explosion_B_Smoke+Text.prefab using Guid(46876a2780737ec45a19d62f88e5ce56) Importer(815301076,1909f56bfc062723c751e8b465ee728b)  -> (artifact id: '872f6125b595482c38675e13a8d64d47') in 0.011194 seconds
  Import took 0.015591 seconds .

========================================================================
Received Import Request.
  Time since last request: 0.000357 seconds.
  path: Assets/JMO Assets/Cartoon FX/CFX Prefabs/Explosions/CFX_Firework_Trails_Gravity.prefab
  artifactKey: Guid(4adffb0018aeda44e9263f901167af1f) Importer(815301076,1909f56bfc062723c751e8b465ee728b)
Start importing Assets/JMO Assets/Cartoon FX/CFX Prefabs/Explosions/CFX_Firework_Trails_Gravity.prefab using Guid(4adffb0018aeda44e9263f901167af1f) Importer(815301076,1909f56bfc062723c751e8b465ee728b)  -> (artifact id: 'b0af6a08e19e59178d852ca71becb3b8') in 0.009992 seconds
  Import took 0.013044 seconds .

========================================================================
Received Import Request.
  Time since last request: 1.470959 seconds.
  path: Assets/JMO Assets/Cartoon FX/Materials/Animated/CFX_Anim_Triangle2_AlphaBlendedPremult.mat
  artifactKey: Guid(4d5a52cb18e09b843887aee389016b8d) Importer(815301076,1909f56bfc062723c751e8b465ee728b)
Start importing Assets/JMO Assets/Cartoon FX/Materials/Animated/CFX_Anim_Triangle2_AlphaBlendedPremult.mat using Guid(4d5a52cb18e09b843887aee389016b8d) Importer(815301076,1909f56bfc062723c751e8b465ee728b)  -> (artifact id: '3a9f562b64889da03214a0c541b7504b') in 0.029277 seconds
  Import took 0.032846 seconds .

========================================================================
Received Import Request.
  Time since last request: 0.014344 seconds.
  path: Assets/JMO Assets/Cartoon FX/Materials/Animated/CFX_Anim_Triangle2_AlphaBlendedPremult.mat
  artifactKey: Guid(4d5a52cb18e09b843887aee389016b8d) Importer(815301076,1909f56bfc062723c751e8b465ee728b)
Start importing Assets/JMO Assets/Cartoon FX/Materials/Animated/CFX_Anim_Triangle2_AlphaBlendedPremult.mat using Guid(4d5a52cb18e09b843887aee389016b8d) Importer(815301076,1909f56bfc062723c751e8b465ee728b)  -> (artifact id: '3a9f562b64889da03214a0c541b7504b') in 0.016173 seconds
  Import took 0.020447 seconds .

========================================================================
Received Import Request.
  Time since last request: 1.652642 seconds.
  path: Assets/JMO Assets/Cartoon FX/Materials/Misc/CFX_Star Add.mat
  artifactKey: Guid(28bd8c3c14d3f214da37557b91e0fa5d) Importer(815301076,1909f56bfc062723c751e8b465ee728b)
Start importing Assets/JMO Assets/Cartoon FX/Materials/Misc/CFX_Star Add.mat using Guid(28bd8c3c14d3f214da37557b91e0fa5d) Importer(815301076,1909f56bfc062723c751e8b465ee728b)  -> (artifact id: '2f58c1b87d3853167b6d5de792250492') in 0.040082 seconds
  Import took 0.045249 seconds .

========================================================================
Received Import Request.
  Time since last request: 0.002589 seconds.
  path: Assets/JMO Assets/Cartoon FX/Materials/Misc/CFX_Star Add.mat
  artifactKey: Guid(28bd8c3c14d3f214da37557b91e0fa5d) Importer(815301076,1909f56bfc062723c751e8b465ee728b)
Start importing Assets/JMO Assets/Cartoon FX/Materials/Misc/CFX_Star Add.mat using Guid(28bd8c3c14d3f214da37557b91e0fa5d) Importer(815301076,1909f56bfc062723c751e8b465ee728b)  -> (artifact id: '2f58c1b87d3853167b6d5de792250492') in 0.028483 seconds
  Import took 0.035197 seconds .

========================================================================
Received Import Request.
  Time since last request: 65.829144 seconds.
  path: Assets/VFX
  artifactKey: Guid(bb01b75cd7c32614babee9cef450056b) Importer(815301076,1909f56bfc062723c751e8b465ee728b)
Start importing Assets/VFX using Guid(bb01b75cd7c32614babee9cef450056b) Importer(815301076,1909f56bfc062723c751e8b465ee728b)  -> (artifact id: '5c2e6577691e0044a8e5b9a167e2b5ba') in 0.018326 seconds
  Import took 0.033798 seconds .

========================================================================
Received Import Request.
  Time since last request: 87.380576 seconds.
  path: Assets/Audio
  artifactKey: Guid(766413343fcaeef4f81a03ad706922a5) Importer(815301076,1909f56bfc062723c751e8b465ee728b)
Start importing Assets/Audio using Guid(766413343fcaeef4f81a03ad706922a5) Importer(815301076,1909f56bfc062723c751e8b465ee728b)  -> (artifact id: '5927d17caa2d8972bdffd67e932db9e5') in 0.014123 seconds
  Import took 0.018236 seconds .

========================================================================
Received Prepare
Registering precompiled user dll's ...
Registered in 0.001920 seconds.
Begin MonoManager ReloadAssembly
Native extension for WindowsStandalone target not found
Native extension for WebGL target not found
Refreshing native plugins compatible for Editor in 0.88 ms, found 1 plugins.
Preloading 0 native plugins for Editor in 0.00 ms.
Invoked RoslynAnalysisRunner static constructor.
RoslynAnalysisRunner will not be running.
RoslynAnalysisRunner has terminated.
Mono: successfully reloaded assembly
- Completed reload, in  1.111 seconds
Platform modules already initialized, skipping
Refreshing native plugins compatible for Editor in 0.54 ms, found 1 plugins.
Preloading 0 native plugins for Editor in 0.00 ms.
Unloading 1820 Unused Serialized files (Serialized files now loaded: 0)
System memory in use before: 89.7 MB.
System memory in use after: 89.6 MB.

Unloading 14 unused Assets to reduce memory usage. Loaded Objects now: 2349.
Total: 3.084600 ms (FindLiveObjects: 0.489800 ms CreateObjectMapping: 0.216600 ms MarkObjects: 2.164400 ms  DeleteObjects: 0.212200 ms)

========================================================================
Received Import Request.
  Time since last request: 252.033029 seconds.
  path: Assets/Prefabs/Block.prefab
  artifactKey: Guid(4aff2e2303b58964cb34d3a16545069e) Importer(815301076,1909f56bfc062723c751e8b465ee728b)
Start importing Assets/Prefabs/Block.prefab using Guid(4aff2e2303b58964cb34d3a16545069e) Importer(815301076,1909f56bfc062723c751e8b465ee728b)  -> (artifact id: '745ab38cfc77d3851d33da5001a72fb8') in 0.083145 seconds
  Import took 0.087945 seconds .

========================================================================
Received Import Request.
  Time since last request: 5.892945 seconds.
  path: Assets/Prefabs/Block.prefab
  artifactKey: Guid(4aff2e2303b58964cb34d3a16545069e) Importer(815301076,1909f56bfc062723c751e8b465ee728b)
Start importing Assets/Prefabs/Block.prefab using Guid(4aff2e2303b58964cb34d3a16545069e) Importer(815301076,1909f56bfc062723c751e8b465ee728b)  -> (artifact id: '4a599cb4ca85f62b656f2eb5cf9f4649') in 0.026886 seconds
  Import took 0.031025 seconds .

========================================================================
Received Prepare
Registering precompiled user dll's ...
Registered in 0.001555 seconds.
Begin MonoManager ReloadAssembly
Native extension for WindowsStandalone target not found
Native extension for WebGL target not found
Refreshing native plugins compatible for Editor in 0.54 ms, found 1 plugins.
Preloading 0 native plugins for Editor in 0.00 ms.
Invoked RoslynAnalysisRunner static constructor.
RoslynAnalysisRunner will not be running.
RoslynAnalysisRunner has terminated.
Mono: successfully reloaded assembly
- Completed reload, in  1.140 seconds
Platform modules already initialized, skipping
Refreshing native plugins compatible for Editor in 0.54 ms, found 1 plugins.
Preloading 0 native plugins for Editor in 0.00 ms.
Unloading 1820 Unused Serialized files (Serialized files now loaded: 0)
System memory in use before: 89.7 MB.
System memory in use after: 89.7 MB.

Unloading 14 unused Assets to reduce memory usage. Loaded Objects now: 2354.
Total: 2.530700 ms (FindLiveObjects: 0.249700 ms CreateObjectMapping: 0.083700 ms MarkObjects: 2.020300 ms  DeleteObjects: 0.175900 ms)

========================================================================
Received Import Request.
  Time since last request: 227.001911 seconds.
  path: Assets/Scenes/Level2.unity
  artifactKey: Guid(ad37da0dc73d7ae43bd66b9cdca3c0b1) Importer(815301076,1909f56bfc062723c751e8b465ee728b)
Start importing Assets/Scenes/Level2.unity using Guid(ad37da0dc73d7ae43bd66b9cdca3c0b1) Importer(815301076,1909f56bfc062723c751e8b465ee728b)  -> (artifact id: 'dc26d9f21bd787362300efba5bd97b80') in 0.026775 seconds
  Import took 0.030676 seconds .

========================================================================
Received Import Request.
  Time since last request: 0.002152 seconds.
  path: Assets/Scenes/Level2.unity
  artifactKey: Guid(ad37da0dc73d7ae43bd66b9cdca3c0b1) Importer(815301076,1909f56bfc062723c751e8b465ee728b)
Start importing Assets/Scenes/Level2.unity using Guid(ad37da0dc73d7ae43bd66b9cdca3c0b1) Importer(815301076,1909f56bfc062723c751e8b465ee728b)  -> (artifact id: 'dc26d9f21bd787362300efba5bd97b80') in 0.005252 seconds
  Import took 0.008804 seconds .

========================================================================
Received Prepare
Registering precompiled user dll's ...
Registered in 0.001496 seconds.
Begin MonoManager ReloadAssembly
Native extension for WindowsStandalone target not found
Native extension for WebGL target not found
Refreshing native plugins compatible for Editor in 0.43 ms, found 1 plugins.
Preloading 0 native plugins for Editor in 0.00 ms.
Invoked RoslynAnalysisRunner static constructor.
RoslynAnalysisRunner will not be running.
RoslynAnalysisRunner has terminated.
Mono: successfully reloaded assembly
- Completed reload, in  1.146 seconds
Platform modules already initialized, skipping
Refreshing native plugins compatible for Editor in 0.48 ms, found 1 plugins.
Preloading 0 native plugins for Editor in 0.00 ms.
Unloading 1820 Unused Serialized files (Serialized files now loaded: 0)
System memory in use before: 89.7 MB.
System memory in use after: 89.7 MB.

Unloading 14 unused Assets to reduce memory usage. Loaded Objects now: 2358.
Total: 2.748800 ms (FindLiveObjects: 0.238100 ms CreateObjectMapping: 0.082500 ms MarkObjects: 2.245000 ms  DeleteObjects: 0.182000 ms)

========================================================================
Received Prepare
Registering precompiled user dll's ...
Registered in 0.001955 seconds.
Begin MonoManager ReloadAssembly
Native extension for WindowsStandalone target not found
Native extension for WebGL target not found
Refreshing native plugins compatible for Editor in 0.43 ms, found 1 plugins.
Preloading 0 native plugins for Editor in 0.00 ms.
Invoked RoslynAnalysisRunner static constructor.
RoslynAnalysisRunner will not be running.
RoslynAnalysisRunner has terminated.
Mono: successfully reloaded assembly
- Completed reload, in  1.109 seconds
Platform modules already initialized, skipping
Refreshing native plugins compatible for Editor in 0.56 ms, found 1 plugins.
Preloading 0 native plugins for Editor in 0.00 ms.
Unloading 1820 Unused Serialized files (Serialized files now loaded: 0)
System memory in use before: 89.7 MB.
System memory in use after: 89.7 MB.

Unloading 14 unused Assets to reduce memory usage. Loaded Objects now: 2362.
Total: 21.792200 ms (FindLiveObjects: 18.889900 ms CreateObjectMapping: 0.228000 ms MarkObjects: 2.528900 ms  DeleteObjects: 0.142700 ms)

========================================================================
Received Prepare
Registering precompiled user dll's ...
Registered in 0.001695 seconds.
Begin MonoManager ReloadAssembly
Native extension for WindowsStandalone target not found
Native extension for WebGL target not found
Refreshing native plugins compatible for Editor in 0.91 ms, found 1 plugins.
Preloading 0 native plugins for Editor in 0.00 ms.
Invoked RoslynAnalysisRunner static constructor.
RoslynAnalysisRunner will not be running.
RoslynAnalysisRunner has terminated.
Mono: successfully reloaded assembly
- Completed reload, in  1.294 seconds
Platform modules already initialized, skipping
Refreshing native plugins compatible for Editor in 0.45 ms, found 1 plugins.
Preloading 0 native plugins for Editor in 0.00 ms.
Unloading 1820 Unused Serialized files (Serialized files now loaded: 0)
System memory in use before: 89.7 MB.
System memory in use after: 89.7 MB.

Unloading 14 unused Assets to reduce memory usage. Loaded Objects now: 2366.
Total: 2.314400 ms (FindLiveObjects: 0.331000 ms CreateObjectMapping: 0.124900 ms MarkObjects: 1.722600 ms  DeleteObjects: 0.134700 ms)

========================================================================
Received Prepare
Registering precompiled user dll's ...
Registered in 0.001853 seconds.
Begin MonoManager ReloadAssembly
Native extension for WindowsStandalone target not found
Native extension for WebGL target not found
Refreshing native plugins compatible for Editor in 0.45 ms, found 1 plugins.
Preloading 0 native plugins for Editor in 0.00 ms.
Invoked RoslynAnalysisRunner static constructor.
RoslynAnalysisRunner will not be running.
RoslynAnalysisRunner has terminated.
Mono: successfully reloaded assembly
- Completed reload, in  1.130 seconds
Platform modules already initialized, skipping
Refreshing native plugins compatible for Editor in 0.44 ms, found 1 plugins.
Preloading 0 native plugins for Editor in 0.00 ms.
Unloading 1820 Unused Serialized files (Serialized files now loaded: 0)
System memory in use before: 89.7 MB.
System memory in use after: 89.7 MB.

Unloading 14 unused Assets to reduce memory usage. Loaded Objects now: 2370.
Total: 2.599400 ms (FindLiveObjects: 0.346500 ms CreateObjectMapping: 0.183200 ms MarkObjects: 1.882400 ms  DeleteObjects: 0.181800 ms)

========================================================================
Received Import Request.
  Time since last request: 326.451954 seconds.
  path: Assets/Prefabs/BreakableBlock.prefab
  artifactKey: Guid(4aff2e2303b58964cb34d3a16545069e) Importer(815301076,1909f56bfc062723c751e8b465ee728b)
Start importing Assets/Prefabs/BreakableBlock.prefab using Guid(4aff2e2303b58964cb34d3a16545069e) Importer(815301076,1909f56bfc062723c751e8b465ee728b)  -> (artifact id: '527b12c4bba7c36c059a65e140f9f9df') in 0.136501 seconds
  Import took 0.142092 seconds .

========================================================================
Received Import Request.
  Time since last request: 6.941355 seconds.
  path: ProjectSettings/TagManager.asset
  artifactKey: Guid(00000000000000003000000000000000) Importer(815301076,1909f56bfc062723c751e8b465ee728b)
Start importing ProjectSettings/TagManager.asset using Guid(00000000000000003000000000000000) Importer(815301076,1909f56bfc062723c751e8b465ee728b)  -> (artifact id: 'e844655a73d3e2358a7feb32023438fe') in 0.011568 seconds
  Import took 0.015269 seconds .

========================================================================
Received Import Request.
  Time since last request: 0.003383 seconds.
  path: ProjectSettings/TagManager.asset
  artifactKey: Guid(00000000000000003000000000000000) Importer(815301076,1909f56bfc062723c751e8b465ee728b)
Start importing ProjectSettings/TagManager.asset using Guid(00000000000000003000000000000000) Importer(815301076,1909f56bfc062723c751e8b465ee728b)  -> (artifact id: 'e844655a73d3e2358a7feb32023438fe') in 0.017291 seconds
  Import took 0.024990 seconds .

========================================================================
Received Import Request.
  Time since last request: 0.014965 seconds.
  path: Assets/Prefabs/BreakableBlock.prefab
  artifactKey: Guid(4aff2e2303b58964cb34d3a16545069e) Importer(815301076,1909f56bfc062723c751e8b465ee728b)
Start importing Assets/Prefabs/BreakableBlock.prefab using Guid(4aff2e2303b58964cb34d3a16545069e) Importer(815301076,1909f56bfc062723c751e8b465ee728b)  -> (artifact id: '3a6d6e1a013b5f8bbd1bc3ed33c3df13') in 0.036443 seconds
  Import took 0.041196 seconds .

========================================================================
Received Import Request.
  Time since last request: 23.150712 seconds.
  path: Assets/Prefabs/BreakableBlock.prefab
  artifactKey: Guid(4aff2e2303b58964cb34d3a16545069e) Importer(815301076,1909f56bfc062723c751e8b465ee728b)
Start importing Assets/Prefabs/BreakableBlock.prefab using Guid(4aff2e2303b58964cb34d3a16545069e) Importer(815301076,1909f56bfc062723c751e8b465ee728b)  -> (artifact id: 'cd114e6fcb8078bbec3f96da28b1a828') in 0.029231 seconds
  Import took 0.033728 seconds .

========================================================================
Received Import Request.
  Time since last request: 0.015104 seconds.
  path: Assets/Prefabs/BreakableBlock.prefab
  artifactKey: Guid(4aff2e2303b58964cb34d3a16545069e) Importer(815301076,1909f56bfc062723c751e8b465ee728b)
Start importing Assets/Prefabs/BreakableBlock.prefab using Guid(4aff2e2303b58964cb34d3a16545069e) Importer(815301076,1909f56bfc062723c751e8b465ee728b)  -> (artifact id: 'cd114e6fcb8078bbec3f96da28b1a828') in 0.014897 seconds
  Import took 0.019154 seconds .

========================================================================
Received Prepare
Registering precompiled user dll's ...
Registered in 0.002024 seconds.
Begin MonoManager ReloadAssembly
Native extension for WindowsStandalone target not found
Native extension for WebGL target not found
Refreshing native plugins compatible for Editor in 0.44 ms, found 1 plugins.
Preloading 0 native plugins for Editor in 0.00 ms.
Invoked RoslynAnalysisRunner static constructor.
RoslynAnalysisRunner will not be running.
RoslynAnalysisRunner has terminated.
Mono: successfully reloaded assembly
- Completed reload, in  1.102 seconds
Platform modules already initialized, skipping
Refreshing native plugins compatible for Editor in 0.45 ms, found 1 plugins.
Preloading 0 native plugins for Editor in 0.00 ms.
Unloading 1820 Unused Serialized files (Serialized files now loaded: 0)
System memory in use before: 89.8 MB.
System memory in use after: 89.8 MB.

Unloading 16 unused Assets to reduce memory usage. Loaded Objects now: 2375.
Total: 2.555400 ms (FindLiveObjects: 0.277100 ms CreateObjectMapping: 0.114000 ms MarkObjects: 1.987500 ms  DeleteObjects: 0.175600 ms)

========================================================================
Received Import Request.
  Time since last request: 65.359449 seconds.
  path: Assets/Scripts/Level.cs
  artifactKey: Guid(a2acc6902c7ccd44ebb2de71e875a322) Importer(815301076,1909f56bfc062723c751e8b465ee728b)
Start importing Assets/Scripts/Level.cs using Guid(a2acc6902c7ccd44ebb2de71e875a322) Importer(815301076,1909f56bfc062723c751e8b465ee728b)  -> (artifact id: 'f56bb1e0bdb498583fb5a29dc7ecc9f5') in 0.020937 seconds
  Import took 0.024823 seconds .

========================================================================
Received Prepare
Registering precompiled user dll's ...
Registered in 0.001521 seconds.
Begin MonoManager ReloadAssembly
Native extension for WindowsStandalone target not found
Native extension for WebGL target not found
Refreshing native plugins compatible for Editor in 0.42 ms, found 1 plugins.
Preloading 0 native plugins for Editor in 0.00 ms.
Invoked RoslynAnalysisRunner static constructor.
RoslynAnalysisRunner will not be running.
RoslynAnalysisRunner has terminated.
Mono: successfully reloaded assembly
- Completed reload, in  1.101 seconds
Platform modules already initialized, skipping
Refreshing native plugins compatible for Editor in 0.46 ms, found 1 plugins.
Preloading 0 native plugins for Editor in 0.00 ms.
Unloading 1820 Unused Serialized files (Serialized files now loaded: 0)
System memory in use before: 89.8 MB.
System memory in use after: 89.8 MB.

Unloading 14 unused Assets to reduce memory usage. Loaded Objects now: 2379.
Total: 2.449500 ms (FindLiveObjects: 0.217900 ms CreateObjectMapping: 0.091800 ms MarkObjects: 1.927400 ms  DeleteObjects: 0.180600 ms)

========================================================================
Received Import Request.
  Time since last request: 59.353050 seconds.
  path: Assets/Prefabs/BreakableBlock 1.prefab
  artifactKey: Guid(97f855da9aa5690499b24b89be3113de) Importer(815301076,1909f56bfc062723c751e8b465ee728b)
Start importing Assets/Prefabs/BreakableBlock 1.prefab using Guid(97f855da9aa5690499b24b89be3113de) Importer(815301076,1909f56bfc062723c751e8b465ee728b)  -> (artifact id: 'dd67566dc3fdf94fd6eab40ba8b151e9') in 0.168259 seconds
  Import took 0.174394 seconds .

========================================================================
Received Import Request.
  Time since last request: 7.991846 seconds.
  path: Assets/Prefabs/UnbreakableBlock.prefab
  artifactKey: Guid(4aff2e2303b58964cb34d3a16545069e) Importer(815301076,1909f56bfc062723c751e8b465ee728b)
Start importing Assets/Prefabs/UnbreakableBlock.prefab using Guid(4aff2e2303b58964cb34d3a16545069e) Importer(815301076,1909f56bfc062723c751e8b465ee728b)  -> (artifact id: 'cea5f751e941a41a93da51e55565a0da') in 0.021601 seconds
  Import took 0.026547 seconds .

========================================================================
Received Import Request.
  Time since last request: 0.022213 seconds.
  path: Assets/Prefabs/UnbreakableBlock.prefab
  artifactKey: Guid(4aff2e2303b58964cb34d3a16545069e) Importer(815301076,1909f56bfc062723c751e8b465ee728b)
Start importing Assets/Prefabs/UnbreakableBlock.prefab using Guid(4aff2e2303b58964cb34d3a16545069e) Importer(815301076,1909f56bfc062723c751e8b465ee728b)  -> (artifact id: 'cea5f751e941a41a93da51e55565a0da') in 0.013917 seconds
  Import took 0.018449 seconds .

========================================================================
Received Import Request.
  Time since last request: 11.071777 seconds.
  path: Assets/Prefabs/UnbreakableBlock.prefab
  artifactKey: Guid(4aff2e2303b58964cb34d3a16545069e) Importer(815301076,1909f56bfc062723c751e8b465ee728b)
Start importing Assets/Prefabs/UnbreakableBlock.prefab using Guid(4aff2e2303b58964cb34d3a16545069e) Importer(815301076,1909f56bfc062723c751e8b465ee728b)  -> (artifact id: 'af0ad534c14eea32eb9643783ed423d5') in 0.020485 seconds
  Import took 0.025042 seconds .

========================================================================
Received Import Request.
  Time since last request: 0.028503 seconds.
  path: Assets/Prefabs/UnbreakableBlock.prefab
  artifactKey: Guid(4aff2e2303b58964cb34d3a16545069e) Importer(815301076,1909f56bfc062723c751e8b465ee728b)
Start importing Assets/Prefabs/UnbreakableBlock.prefab using Guid(4aff2e2303b58964cb34d3a16545069e) Importer(815301076,1909f56bfc062723c751e8b465ee728b)  -> (artifact id: 'af0ad534c14eea32eb9643783ed423d5') in 0.014950 seconds
  Import took 0.019177 seconds .

========================================================================
Received Import Request.
  Time since last request: 27.069432 seconds.
  path: Assets/Scenes/Level2.unity
  artifactKey: Guid(ad37da0dc73d7ae43bd66b9cdca3c0b1) Importer(815301076,1909f56bfc062723c751e8b465ee728b)
Start importing Assets/Scenes/Level2.unity using Guid(ad37da0dc73d7ae43bd66b9cdca3c0b1) Importer(815301076,1909f56bfc062723c751e8b465ee728b)  -> (artifact id: 'a9aafe499cd2a32d4b52a0730b75e1ed') in 0.023299 seconds
  Import took 0.035396 seconds .

========================================================================
Received Import Request.
  Time since last request: 0.002196 seconds.
  path: Assets/Scenes/Level2.unity
  artifactKey: Guid(ad37da0dc73d7ae43bd66b9cdca3c0b1) Importer(815301076,1909f56bfc062723c751e8b465ee728b)
Start importing Assets/Scenes/Level2.unity using Guid(ad37da0dc73d7ae43bd66b9cdca3c0b1) Importer(815301076,1909f56bfc062723c751e8b465ee728b)  -> (artifact id: 'a9aafe499cd2a32d4b52a0730b75e1ed') in 0.006256 seconds
  Import took 0.020932 seconds .

========================================================================
Received Import Request.
  Time since last request: 18.119242 seconds.
  path: ProjectSettings/TagManager.asset
  artifactKey: Guid(00000000000000003000000000000000) Importer(815301076,1909f56bfc062723c751e8b465ee728b)
Start importing ProjectSettings/TagManager.asset using Guid(00000000000000003000000000000000) Importer(815301076,1909f56bfc062723c751e8b465ee728b)  -> (artifact id: '144cda19d04d3bfb07c474ce8f1d7cae') in 0.004930 seconds
  Import took 0.008171 seconds .

========================================================================
Received Import Request.
  Time since last request: 0.004368 seconds.
  path: ProjectSettings/TagManager.asset
  artifactKey: Guid(00000000000000003000000000000000) Importer(815301076,1909f56bfc062723c751e8b465ee728b)
Start importing ProjectSettings/TagManager.asset using Guid(00000000000000003000000000000000) Importer(815301076,1909f56bfc062723c751e8b465ee728b)  -> (artifact id: '144cda19d04d3bfb07c474ce8f1d7cae') in 0.005017 seconds
  Import took 0.008696 seconds .

========================================================================
Received Import Request.
  Time since last request: 11.407183 seconds.
  path: Assets/Prefabs/UnbreakableBlock.prefab
  artifactKey: Guid(4aff2e2303b58964cb34d3a16545069e) Importer(815301076,1909f56bfc062723c751e8b465ee728b)
Start importing Assets/Prefabs/UnbreakableBlock.prefab using Guid(4aff2e2303b58964cb34d3a16545069e) Importer(815301076,1909f56bfc062723c751e8b465ee728b)  -> (artifact id: '84c4b64f704a3ba4145ffa566f2c600a') in 0.023931 seconds
  Import took 0.028262 seconds .

========================================================================
Received Import Request.
  Time since last request: 0.027113 seconds.
  path: Assets/Prefabs/UnbreakableBlock.prefab
  artifactKey: Guid(4aff2e2303b58964cb34d3a16545069e) Importer(815301076,1909f56bfc062723c751e8b465ee728b)
Start importing Assets/Prefabs/UnbreakableBlock.prefab using Guid(4aff2e2303b58964cb34d3a16545069e) Importer(815301076,1909f56bfc062723c751e8b465ee728b)  -> (artifact id: '84c4b64f704a3ba4145ffa566f2c600a') in 0.014539 seconds
  Import took 0.018574 seconds .

========================================================================
Received Prepare
Registering precompiled user dll's ...
Registered in 0.003560 seconds.
Begin MonoManager ReloadAssembly
Native extension for WindowsStandalone target not found
Native extension for WebGL target not found
Refreshing native plugins compatible for Editor in 0.43 ms, found 1 plugins.
Preloading 0 native plugins for Editor in 0.00 ms.
Invoked RoslynAnalysisRunner static constructor.
RoslynAnalysisRunner will not be running.
RoslynAnalysisRunner has terminated.
Mono: successfully reloaded assembly
- Completed reload, in  1.271 seconds
Platform modules already initialized, skipping
Refreshing native plugins compatible for Editor in 0.48 ms, found 1 plugins.
Preloading 0 native plugins for Editor in 0.00 ms.
Unloading 1820 Unused Serialized files (Serialized files now loaded: 0)
System memory in use before: 89.8 MB.
System memory in use after: 89.8 MB.

Unloading 16 unused Assets to reduce memory usage. Loaded Objects now: 2384.
Total: 2.585200 ms (FindLiveObjects: 0.213300 ms CreateObjectMapping: 0.083700 ms MarkObjects: 2.125300 ms  DeleteObjects: 0.161700 ms)

========================================================================
Received Import Request.
  Time since last request: 146.629506 seconds.
  path: Assets/Prefabs/BreakableBlock 1.prefab
  artifactKey: Guid(97f855da9aa5690499b24b89be3113de) Importer(815301076,1909f56bfc062723c751e8b465ee728b)
Start importing Assets/Prefabs/BreakableBlock 1.prefab using Guid(97f855da9aa5690499b24b89be3113de) Importer(815301076,1909f56bfc062723c751e8b465ee728b)  -> (artifact id: '901e56c09824b1851c58bba5625891a6') in 0.095449 seconds
  Import took 0.100135 seconds .

========================================================================
Received Import Request.
  Time since last request: 10.373907 seconds.
  path: Assets/Prefabs/beakableBlock.prefab
  artifactKey: Guid(4aff2e2303b58964cb34d3a16545069e) Importer(815301076,1909f56bfc062723c751e8b465ee728b)
Start importing Assets/Prefabs/beakableBlock.prefab using Guid(4aff2e2303b58964cb34d3a16545069e) Importer(815301076,1909f56bfc062723c751e8b465ee728b)  -> (artifact id: 'bda62e11453fd0755655b68ee8c228b6') in 0.021073 seconds
  Import took 0.025471 seconds .

========================================================================
Received Import Request.
  Time since last request: 0.022572 seconds.
  path: Assets/Prefabs/beakableBlock.prefab
  artifactKey: Guid(4aff2e2303b58964cb34d3a16545069e) Importer(815301076,1909f56bfc062723c751e8b465ee728b)
Start importing Assets/Prefabs/beakableBlock.prefab using Guid(4aff2e2303b58964cb34d3a16545069e) Importer(815301076,1909f56bfc062723c751e8b465ee728b)  -> (artifact id: 'bda62e11453fd0755655b68ee8c228b6') in 0.016124 seconds
  Import took 0.020370 seconds .

========================================================================
Received Import Request.
  Time since last request: 6.634138 seconds.
  path: Assets/Prefabs/BUnbreakableBlock 1.prefab
  artifactKey: Guid(97f855da9aa5690499b24b89be3113de) Importer(815301076,1909f56bfc062723c751e8b465ee728b)
Start importing Assets/Prefabs/BUnbreakableBlock 1.prefab using Guid(97f855da9aa5690499b24b89be3113de) Importer(815301076,1909f56bfc062723c751e8b465ee728b)  -> (artifact id: '1968c0c4bda5e07230b1763057e3e844') in 0.019615 seconds
  Import took 0.023677 seconds .

========================================================================
Received Import Request.
  Time since last request: 0.031133 seconds.
  path: Assets/Prefabs/BUnbreakableBlock 1.prefab
  artifactKey: Guid(97f855da9aa5690499b24b89be3113de) Importer(815301076,1909f56bfc062723c751e8b465ee728b)
Start importing Assets/Prefabs/BUnbreakableBlock 1.prefab using Guid(97f855da9aa5690499b24b89be3113de) Importer(815301076,1909f56bfc062723c751e8b465ee728b)  -> (artifact id: '1968c0c4bda5e07230b1763057e3e844') in 0.013361 seconds
  Import took 0.018422 seconds .

========================================================================
Received Import Request.
  Time since last request: 10.162519 seconds.
  path: Assets/Prefabs/UnbreakableBlock 1.prefab
  artifactKey: Guid(97f855da9aa5690499b24b89be3113de) Importer(815301076,1909f56bfc062723c751e8b465ee728b)
Start importing Assets/Prefabs/UnbreakableBlock 1.prefab using Guid(97f855da9aa5690499b24b89be3113de) Importer(815301076,1909f56bfc062723c751e8b465ee728b)  -> (artifact id: 'ecc021c1df57655404b75bc3b99d6635') in 0.020076 seconds
  Import took 0.024189 seconds .

========================================================================
Received Import Request.
  Time since last request: 0.037193 seconds.
  path: Assets/Prefabs/UnbreakableBlock 1.prefab
  artifactKey: Guid(97f855da9aa5690499b24b89be3113de) Importer(815301076,1909f56bfc062723c751e8b465ee728b)
Start importing Assets/Prefabs/UnbreakableBlock 1.prefab using Guid(97f855da9aa5690499b24b89be3113de) Importer(815301076,1909f56bfc062723c751e8b465ee728b)  -> (artifact id: 'ecc021c1df57655404b75bc3b99d6635') in 0.013456 seconds
  Import took 0.017593 seconds .

========================================================================
Received Import Request.
  Time since last request: 8.976224 seconds.
  path: Assets/Prefabs/BreakableBlock.prefab
  artifactKey: Guid(4aff2e2303b58964cb34d3a16545069e) Importer(815301076,1909f56bfc062723c751e8b465ee728b)
Start importing Assets/Prefabs/BreakableBlock.prefab using Guid(4aff2e2303b58964cb34d3a16545069e) Importer(815301076,1909f56bfc062723c751e8b465ee728b)  -> (artifact id: '80ebc6a969b434a64b12a27309e8a9a6') in 0.023012 seconds
  Import took 0.027529 seconds .

========================================================================
Received Import Request.
  Time since last request: 0.023119 seconds.
  path: Assets/Prefabs/BreakableBlock.prefab
  artifactKey: Guid(4aff2e2303b58964cb34d3a16545069e) Importer(815301076,1909f56bfc062723c751e8b465ee728b)
Start importing Assets/Prefabs/BreakableBlock.prefab using Guid(4aff2e2303b58964cb34d3a16545069e) Importer(815301076,1909f56bfc062723c751e8b465ee728b)  -> (artifact id: '80ebc6a969b434a64b12a27309e8a9a6') in 0.014144 seconds
  Import took 0.017971 seconds .

========================================================================
Received Import Request.
  Time since last request: 27.970196 seconds.
  path: Assets/Prefabs/UnbreakableBlock 1.prefab
  artifactKey: Guid(97f855da9aa5690499b24b89be3113de) Importer(815301076,1909f56bfc062723c751e8b465ee728b)
Start importing Assets/Prefabs/UnbreakableBlock 1.prefab using Guid(97f855da9aa5690499b24b89be3113de) Importer(815301076,1909f56bfc062723c751e8b465ee728b)  -> (artifact id: 'f5c770540be6849daf6adf48cb11c370') in 0.023302 seconds
  Import took 0.030407 seconds .

========================================================================
Received Import Request.
  Time since last request: 0.014553 seconds.
  path: Assets/Prefabs/UnbreakableBlock 1.prefab
  artifactKey: Guid(97f855da9aa5690499b24b89be3113de) Importer(815301076,1909f56bfc062723c751e8b465ee728b)
Start importing Assets/Prefabs/UnbreakableBlock 1.prefab using Guid(97f855da9aa5690499b24b89be3113de) Importer(815301076,1909f56bfc062723c751e8b465ee728b)  -> (artifact id: 'f5c770540be6849daf6adf48cb11c370') in 0.014431 seconds
  Import took 0.018953 seconds .

========================================================================
Received Import Request.
  Time since last request: 3.545252 seconds.
  path: Assets/Prefabs/UnbreakableBlock 1.prefab
  artifactKey: Guid(97f855da9aa5690499b24b89be3113de) Importer(815301076,1909f56bfc062723c751e8b465ee728b)
Start importing Assets/Prefabs/UnbreakableBlock 1.prefab using Guid(97f855da9aa5690499b24b89be3113de) Importer(815301076,1909f56bfc062723c751e8b465ee728b)  -> (artifact id: 'fec1314dc0c3bccf9f5f7ed8c78cf28d') in 0.021665 seconds
  Import took 0.031221 seconds .

========================================================================
Received Import Request.
  Time since last request: 0.026885 seconds.
  path: Assets/Prefabs/UnbreakableBlock 1.prefab
  artifactKey: Guid(97f855da9aa5690499b24b89be3113de) Importer(815301076,1909f56bfc062723c751e8b465ee728b)
Start importing Assets/Prefabs/UnbreakableBlock 1.prefab using Guid(97f855da9aa5690499b24b89be3113de) Importer(815301076,1909f56bfc062723c751e8b465ee728b)  -> (artifact id: 'fec1314dc0c3bccf9f5f7ed8c78cf28d') in 0.014378 seconds
  Import took 0.018548 seconds .

========================================================================
Received Prepare
Registering precompiled user dll's ...
Registered in 0.001527 seconds.
Begin MonoManager ReloadAssembly
Native extension for WindowsStandalone target not found
Native extension for WebGL target not found
Refreshing native plugins compatible for Editor in 0.59 ms, found 1 plugins.
Preloading 0 native plugins for Editor in 0.00 ms.
Invoked RoslynAnalysisRunner static constructor.
RoslynAnalysisRunner will not be running.
RoslynAnalysisRunner has terminated.
Mono: successfully reloaded assembly
- Completed reload, in  1.126 seconds
Platform modules already initialized, skipping
Refreshing native plugins compatible for Editor in 0.56 ms, found 1 plugins.
Preloading 0 native plugins for Editor in 0.00 ms.
Unloading 1820 Unused Serialized files (Serialized files now loaded: 0)
System memory in use before: 90.1 MB.
System memory in use after: 90.0 MB.

Unloading 14 unused Assets to reduce memory usage. Loaded Objects now: 2389.
Total: 2.413200 ms (FindLiveObjects: 0.226600 ms CreateObjectMapping: 0.084600 ms MarkObjects: 1.940000 ms  DeleteObjects: 0.160600 ms)

========================================================================
Received Prepare
Registering precompiled user dll's ...
Registered in 0.001487 seconds.
Begin MonoManager ReloadAssembly
Native extension for WindowsStandalone target not found
Native extension for WebGL target not found
Refreshing native plugins compatible for Editor in 0.51 ms, found 1 plugins.
Preloading 0 native plugins for Editor in 0.00 ms.
Invoked RoslynAnalysisRunner static constructor.
RoslynAnalysisRunner will not be running.
RoslynAnalysisRunner has terminated.
Mono: successfully reloaded assembly
- Completed reload, in  1.111 seconds
Platform modules already initialized, skipping
Refreshing native plugins compatible for Editor in 0.43 ms, found 1 plugins.
Preloading 0 native plugins for Editor in 0.00 ms.
Unloading 1820 Unused Serialized files (Serialized files now loaded: 0)
System memory in use before: 90.1 MB.
System memory in use after: 90.0 MB.

Unloading 14 unused Assets to reduce memory usage. Loaded Objects now: 2393.
Total: 2.360800 ms (FindLiveObjects: 0.270600 ms CreateObjectMapping: 0.081300 ms MarkObjects: 1.797700 ms  DeleteObjects: 0.209700 ms)

========================================================================
Received Prepare
Registering precompiled user dll's ...
Registered in 0.001834 seconds.
Begin MonoManager ReloadAssembly
Native extension for WindowsStandalone target not found
Native extension for WebGL target not found
Refreshing native plugins compatible for Editor in 0.52 ms, found 1 plugins.
Preloading 0 native plugins for Editor in 0.00 ms.
Invoked RoslynAnalysisRunner static constructor.
RoslynAnalysisRunner will not be running.
RoslynAnalysisRunner has terminated.
Mono: successfully reloaded assembly
- Completed reload, in  1.232 seconds
Platform modules already initialized, skipping
Refreshing native plugins compatible for Editor in 0.47 ms, found 1 plugins.
Preloading 0 native plugins for Editor in 0.00 ms.
Unloading 1820 Unused Serialized files (Serialized files now loaded: 0)
System memory in use before: 90.1 MB.
System memory in use after: 90.1 MB.

Unloading 14 unused Assets to reduce memory usage. Loaded Objects now: 2397.
Total: 2.544800 ms (FindLiveObjects: 0.329000 ms CreateObjectMapping: 0.146100 ms MarkObjects: 1.877500 ms  DeleteObjects: 0.190900 ms)

========================================================================
Received Import Request.
  Time since last request: 1756.210230 seconds.
  path: Assets/Sprites/Block 1.png
  artifactKey: Guid(8ce221bcb54c6224f9cf5804f249f2f9) Importer(815301076,1909f56bfc062723c751e8b465ee728b)
Start importing Assets/Sprites/Block 1.png using Guid(8ce221bcb54c6224f9cf5804f249f2f9) Importer(815301076,1909f56bfc062723c751e8b465ee728b)  -> (artifact id: 'f38503f4229bd769f8b53bd7300efbfc') in 0.159927 seconds
  Import took 0.164893 seconds .

========================================================================
Received Import Request.
  Time since last request: 0.896232 seconds.
  path: Assets/Sprites/Block 2.png
  artifactKey: Guid(997973dc8f7a3d044b7b8ac034532145) Importer(815301076,1909f56bfc062723c751e8b465ee728b)
Start importing Assets/Sprites/Block 2.png using Guid(997973dc8f7a3d044b7b8ac034532145) Importer(815301076,1909f56bfc062723c751e8b465ee728b)  -> (artifact id: '27b6f8b37e699faa045407a0fbc2da14') in 0.024615 seconds
  Import took 0.032134 seconds .

========================================================================
Received Import Request.
  Time since last request: 0.009605 seconds.
  path: Assets/Sprites/Block 2.png
  artifactKey: Guid(997973dc8f7a3d044b7b8ac034532145) Importer(815301076,1909f56bfc062723c751e8b465ee728b)
Start importing Assets/Sprites/Block 2.png using Guid(997973dc8f7a3d044b7b8ac034532145) Importer(815301076,1909f56bfc062723c751e8b465ee728b)  -> (artifact id: '27b6f8b37e699faa045407a0fbc2da14') in 0.012645 seconds
  Import took 0.016861 seconds .

========================================================================
Received Import Request.
  Time since last request: 7.939926 seconds.
  path: Assets/Sprites/BlockDamage1.png
  artifactKey: Guid(8ce221bcb54c6224f9cf5804f249f2f9) Importer(815301076,1909f56bfc062723c751e8b465ee728b)
Start importing Assets/Sprites/BlockDamage1.png using Guid(8ce221bcb54c6224f9cf5804f249f2f9) Importer(815301076,1909f56bfc062723c751e8b465ee728b)  -> (artifact id: '9f556ff8a7da7cc7f4e1410cbb1b9f29') in 0.023696 seconds
  Import took 0.027649 seconds .

========================================================================
Received Import Request.
  Time since last request: 0.008635 seconds.
  path: Assets/Sprites/BlockDamage1.png
  artifactKey: Guid(8ce221bcb54c6224f9cf5804f249f2f9) Importer(815301076,1909f56bfc062723c751e8b465ee728b)
Start importing Assets/Sprites/BlockDamage1.png using Guid(8ce221bcb54c6224f9cf5804f249f2f9) Importer(815301076,1909f56bfc062723c751e8b465ee728b)  -> (artifact id: '9f556ff8a7da7cc7f4e1410cbb1b9f29') in 0.015008 seconds
  Import took 0.019063 seconds .

========================================================================
Received Import Request.
  Time since last request: 6.167890 seconds.
  path: Assets/Sprites/BlockDamage2.png
  artifactKey: Guid(997973dc8f7a3d044b7b8ac034532145) Importer(815301076,1909f56bfc062723c751e8b465ee728b)
Start importing Assets/Sprites/BlockDamage2.png using Guid(997973dc8f7a3d044b7b8ac034532145) Importer(815301076,1909f56bfc062723c751e8b465ee728b)  -> (artifact id: 'bef05a108dbd366f0ce7053785cca9a9') in 0.023301 seconds
  Import took 0.027294 seconds .

========================================================================
Received Import Request.
  Time since last request: 0.009768 seconds.
  path: Assets/Sprites/BlockDamage2.png
  artifactKey: Guid(997973dc8f7a3d044b7b8ac034532145) Importer(815301076,1909f56bfc062723c751e8b465ee728b)
Start importing Assets/Sprites/BlockDamage2.png using Guid(997973dc8f7a3d044b7b8ac034532145) Importer(815301076,1909f56bfc062723c751e8b465ee728b)  -> (artifact id: 'bef05a108dbd366f0ce7053785cca9a9') in 0.013191 seconds
  Import took 0.016650 seconds .

========================================================================
Received Import Request.
  Time since last request: 212.207161 seconds.
  path: Assets/Sprites/BlockDamage1.jpg
  artifactKey: Guid(3e07cb1d2c2897e41930bc3978f68442) Importer(815301076,1909f56bfc062723c751e8b465ee728b)
Start importing Assets/Sprites/BlockDamage1.jpg using Guid(3e07cb1d2c2897e41930bc3978f68442) Importer(815301076,1909f56bfc062723c751e8b465ee728b)  -> (artifact id: '9f8cf32d4c38441b60c67452e0064a84') in 0.024428 seconds
  Import took 0.028762 seconds .

========================================================================
Received Import Request.
  Time since last request: 0.000295 seconds.
  path: Assets/Sprites/BlockDamage2.jpg
  artifactKey: Guid(86aae93c271957540b5e3818edd0dbfb) Importer(815301076,1909f56bfc062723c751e8b465ee728b)
Start importing Assets/Sprites/BlockDamage2.jpg using Guid(86aae93c271957540b5e3818edd0dbfb) Importer(815301076,1909f56bfc062723c751e8b465ee728b)  -> (artifact id: '6325d9687b472a74bc80784d9a3c9771') in 0.018246 seconds
  Import took 0.021891 seconds .

========================================================================
Received Prepare
Registering precompiled user dll's ...
Registered in 0.002362 seconds.
Begin MonoManager ReloadAssembly
Native extension for WindowsStandalone target not found
Native extension for WebGL target not found
Refreshing native plugins compatible for Editor in 0.42 ms, found 1 plugins.
Preloading 0 native plugins for Editor in 0.00 ms.
Invoked RoslynAnalysisRunner static constructor.
RoslynAnalysisRunner will not be running.
RoslynAnalysisRunner has terminated.
Mono: successfully reloaded assembly
- Completed reload, in  1.086 seconds
Platform modules already initialized, skipping
Refreshing native plugins compatible for Editor in 0.49 ms, found 1 plugins.
Preloading 0 native plugins for Editor in 0.00 ms.
Unloading 1820 Unused Serialized files (Serialized files now loaded: 0)
System memory in use before: 90.1 MB.
System memory in use after: 90.1 MB.

Unloading 14 unused Assets to reduce memory usage. Loaded Objects now: 2404.
Total: 2.640900 ms (FindLiveObjects: 0.344200 ms CreateObjectMapping: 0.169000 ms MarkObjects: 1.950600 ms  DeleteObjects: 0.176100 ms)

========================================================================
Received Import Request.
  Time since last request: 192.086755 seconds.
  path: Assets/Prefabs/BreakableBlock.prefab
  artifactKey: Guid(4aff2e2303b58964cb34d3a16545069e) Importer(815301076,1909f56bfc062723c751e8b465ee728b)
Start importing Assets/Prefabs/BreakableBlock.prefab using Guid(4aff2e2303b58964cb34d3a16545069e) Importer(815301076,1909f56bfc062723c751e8b465ee728b)  -> (artifact id: '844d3f7c0303ad4d36591e16accd5408') in 0.081350 seconds
  Import took 0.086288 seconds .

========================================================================
Received Import Request.
  Time since last request: 0.000377 seconds.
  path: Assets/Prefabs/UnbreakableBlock 1.prefab
  artifactKey: Guid(97f855da9aa5690499b24b89be3113de) Importer(815301076,1909f56bfc062723c751e8b465ee728b)
Start importing Assets/Prefabs/UnbreakableBlock 1.prefab using Guid(97f855da9aa5690499b24b89be3113de) Importer(815301076,1909f56bfc062723c751e8b465ee728b)  -> (artifact id: 'd663911be30ace62ffe8d66f64607bba') in 0.017940 seconds
  Import took 0.022362 seconds .

========================================================================
Received Import Request.
  Time since last request: 19.874065 seconds.
  path: Assets/Prefabs/BreakableBlock.prefab
  artifactKey: Guid(4aff2e2303b58964cb34d3a16545069e) Importer(815301076,1909f56bfc062723c751e8b465ee728b)
Start importing Assets/Prefabs/BreakableBlock.prefab using Guid(4aff2e2303b58964cb34d3a16545069e) Importer(815301076,1909f56bfc062723c751e8b465ee728b)  -> (artifact id: 'f2d9fed623714644f028e9635e6a5112') in 0.015601 seconds
  Import took 0.019974 seconds .

========================================================================
Received Import Request.
  Time since last request: 9.077653 seconds.
  path: Assets/Prefabs/BreakableBlock.prefab
  artifactKey: Guid(4aff2e2303b58964cb34d3a16545069e) Importer(815301076,1909f56bfc062723c751e8b465ee728b)
Start importing Assets/Prefabs/BreakableBlock.prefab using Guid(4aff2e2303b58964cb34d3a16545069e) Importer(815301076,1909f56bfc062723c751e8b465ee728b)  -> (artifact id: 'b435b435d8ed3deebe278ef846fbcc5e') in 0.016795 seconds
  Import took 0.021141 seconds .

========================================================================
Received Import Request.
  Time since last request: 2.397219 seconds.
  path: Assets/Prefabs/BreakableBlock.prefab
  artifactKey: Guid(4aff2e2303b58964cb34d3a16545069e) Importer(815301076,1909f56bfc062723c751e8b465ee728b)
Start importing Assets/Prefabs/BreakableBlock.prefab using Guid(4aff2e2303b58964cb34d3a16545069e) Importer(815301076,1909f56bfc062723c751e8b465ee728b)  -> (artifact id: 'de148e9b1c637d38f69e2ba866986d2c') in 0.014933 seconds
  Import took 0.019165 seconds .

========================================================================
Received Import Request.
  Time since last request: 13.377050 seconds.
  path: Assets/Prefabs/BreakableBlock.prefab
  artifactKey: Guid(4aff2e2303b58964cb34d3a16545069e) Importer(815301076,1909f56bfc062723c751e8b465ee728b)
Start importing Assets/Prefabs/BreakableBlock.prefab using Guid(4aff2e2303b58964cb34d3a16545069e) Importer(815301076,1909f56bfc062723c751e8b465ee728b)  -> (artifact id: '848e656c9d3fdd804c617a9da2f380dc') in 0.022669 seconds
  Import took 0.027273 seconds .

========================================================================
Received Import Request.
  Time since last request: 3.084379 seconds.
  path: Assets/Prefabs/BreakableBlock.prefab
  artifactKey: Guid(4aff2e2303b58964cb34d3a16545069e) Importer(815301076,1909f56bfc062723c751e8b465ee728b)
Start importing Assets/Prefabs/BreakableBlock.prefab using Guid(4aff2e2303b58964cb34d3a16545069e) Importer(815301076,1909f56bfc062723c751e8b465ee728b)  -> (artifact id: 'c2ee3ba22aee929b342835e559420d64') in 0.014856 seconds
  Import took 0.019089 seconds .

========================================================================
Received Prepare
Registering precompiled user dll's ...
Registered in 0.001633 seconds.
Begin MonoManager ReloadAssembly
Native extension for WindowsStandalone target not found
Native extension for WebGL target not found
Refreshing native plugins compatible for Editor in 0.45 ms, found 1 plugins.
Preloading 0 native plugins for Editor in 0.00 ms.
Invoked RoslynAnalysisRunner static constructor.
RoslynAnalysisRunner will not be running.
RoslynAnalysisRunner has terminated.
Mono: successfully reloaded assembly
- Completed reload, in  1.159 seconds
Platform modules already initialized, skipping
Refreshing native plugins compatible for Editor in 0.43 ms, found 1 plugins.
Preloading 0 native plugins for Editor in 0.00 ms.
Unloading 1820 Unused Serialized files (Serialized files now loaded: 0)
System memory in use before: 90.1 MB.
System memory in use after: 90.1 MB.

Unloading 14 unused Assets to reduce memory usage. Loaded Objects now: 2409.
Total: 2.219600 ms (FindLiveObjects: 0.209800 ms CreateObjectMapping: 0.079200 ms MarkObjects: 1.799900 ms  DeleteObjects: 0.129500 ms)

========================================================================
Received Import Request.
  Time since last request: 51.506249 seconds.
  path: Assets/Sprites/BlockDamage1.jpg
  artifactKey: Guid(3e07cb1d2c2897e41930bc3978f68442) Importer(815301076,1909f56bfc062723c751e8b465ee728b)
Start importing Assets/Sprites/BlockDamage1.jpg using Guid(3e07cb1d2c2897e41930bc3978f68442) Importer(815301076,1909f56bfc062723c751e8b465ee728b)  -> (artifact id: '53bfd4f71061e0713e0a8da5500b85e9') in 0.071361 seconds
  Import took 0.075051 seconds .

========================================================================
Received Import Request.
  Time since last request: 5.280951 seconds.
  path: Assets/Sprites/BlockDamage2.jpg
  artifactKey: Guid(86aae93c271957540b5e3818edd0dbfb) Importer(815301076,1909f56bfc062723c751e8b465ee728b)
Start importing Assets/Sprites/BlockDamage2.jpg using Guid(86aae93c271957540b5e3818edd0dbfb) Importer(815301076,1909f56bfc062723c751e8b465ee728b)  -> (artifact id: 'dd34732058524089a214bb59749f7aae') in 0.027570 seconds
  Import took 0.031890 seconds .

========================================================================
Received Import Request.
  Time since last request: 0.006809 seconds.
  path: Assets/Sprites/BlockDamage2.jpg
  artifactKey: Guid(86aae93c271957540b5e3818edd0dbfb) Importer(815301076,1909f56bfc062723c751e8b465ee728b)
Start importing Assets/Sprites/BlockDamage2.jpg using Guid(86aae93c271957540b5e3818edd0dbfb) Importer(815301076,1909f56bfc062723c751e8b465ee728b)  -> (artifact id: 'dd34732058524089a214bb59749f7aae') in 0.044782 seconds
  Import took 0.049798 seconds .

========================================================================
Received Prepare
Registering precompiled user dll's ...
Registered in 0.001543 seconds.
Begin MonoManager ReloadAssembly
Native extension for WindowsStandalone target not found
Native extension for WebGL target not found
Refreshing native plugins compatible for Editor in 0.44 ms, found 1 plugins.
Preloading 0 native plugins for Editor in 0.00 ms.
Invoked RoslynAnalysisRunner static constructor.
RoslynAnalysisRunner will not be running.
RoslynAnalysisRunner has terminated.
Mono: successfully reloaded assembly
- Completed reload, in  1.076 seconds
Platform modules already initialized, skipping
Refreshing native plugins compatible for Editor in 0.45 ms, found 1 plugins.
Preloading 0 native plugins for Editor in 0.00 ms.
Unloading 1820 Unused Serialized files (Serialized files now loaded: 0)
System memory in use before: 90.1 MB.
System memory in use after: 90.1 MB.

Unloading 14 unused Assets to reduce memory usage. Loaded Objects now: 2414.
Total: 2.455800 ms (FindLiveObjects: 0.213300 ms CreateObjectMapping: 0.085000 ms MarkObjects: 1.993500 ms  DeleteObjects: 0.162600 ms)

========================================================================
Received Prepare
Registering precompiled user dll's ...
Registered in 0.002297 seconds.
Begin MonoManager ReloadAssembly
Native extension for WindowsStandalone target not found
Native extension for WebGL target not found
Refreshing native plugins compatible for Editor in 0.46 ms, found 1 plugins.
Preloading 0 native plugins for Editor in 0.00 ms.
Invoked RoslynAnalysisRunner static constructor.
RoslynAnalysisRunner will not be running.
RoslynAnalysisRunner has terminated.
Mono: successfully reloaded assembly
- Completed reload, in  1.085 seconds
Platform modules already initialized, skipping
Refreshing native plugins compatible for Editor in 0.44 ms, found 1 plugins.
Preloading 0 native plugins for Editor in 0.00 ms.
Unloading 1820 Unused Serialized files (Serialized files now loaded: 0)
System memory in use before: 90.1 MB.
System memory in use after: 90.1 MB.

Unloading 14 unused Assets to reduce memory usage. Loaded Objects now: 2418.
Total: 2.670300 ms (FindLiveObjects: 0.344100 ms CreateObjectMapping: 0.115800 ms MarkObjects: 2.064100 ms  DeleteObjects: 0.144800 ms)

========================================================================
Received Prepare
Registering precompiled user dll's ...
Registered in 0.001541 seconds.
Begin MonoManager ReloadAssembly
Native extension for WindowsStandalone target not found
Native extension for WebGL target not found
Refreshing native plugins compatible for Editor in 0.43 ms, found 1 plugins.
Preloading 0 native plugins for Editor in 0.00 ms.
Invoked RoslynAnalysisRunner static constructor.
RoslynAnalysisRunner will not be running.
RoslynAnalysisRunner has terminated.
Mono: successfully reloaded assembly
- Completed reload, in  1.093 seconds
Platform modules already initialized, skipping
Refreshing native plugins compatible for Editor in 0.45 ms, found 1 plugins.
Preloading 0 native plugins for Editor in 0.00 ms.
Unloading 1820 Unused Serialized files (Serialized files now loaded: 0)
System memory in use before: 90.2 MB.
System memory in use after: 90.1 MB.

Unloading 14 unused Assets to reduce memory usage. Loaded Objects now: 2422.
Total: 2.717000 ms (FindLiveObjects: 0.237100 ms CreateObjectMapping: 0.087200 ms MarkObjects: 2.250800 ms  DeleteObjects: 0.140600 ms)

========================================================================
Received Prepare
Registering precompiled user dll's ...
Registered in 0.001829 seconds.
Begin MonoManager ReloadAssembly
Native extension for WindowsStandalone target not found
Native extension for WebGL target not found
Refreshing native plugins compatible for Editor in 0.45 ms, found 1 plugins.
Preloading 0 native plugins for Editor in 0.00 ms.
Invoked RoslynAnalysisRunner static constructor.
RoslynAnalysisRunner will not be running.
RoslynAnalysisRunner has terminated.
Mono: successfully reloaded assembly
- Completed reload, in  1.218 seconds
Platform modules already initialized, skipping
Refreshing native plugins compatible for Editor in 0.89 ms, found 1 plugins.
Preloading 0 native plugins for Editor in 0.00 ms.
Unloading 1820 Unused Serialized files (Serialized files now loaded: 0)
System memory in use before: 90.1 MB.
System memory in use after: 90.1 MB.

Unloading 14 unused Assets to reduce memory usage. Loaded Objects now: 2426.
Total: 2.827000 ms (FindLiveObjects: 0.276300 ms CreateObjectMapping: 0.092600 ms MarkObjects: 2.313900 ms  DeleteObjects: 0.142600 ms)

========================================================================
Received Prepare
Registering precompiled user dll's ...
Registered in 0.001633 seconds.
Begin MonoManager ReloadAssembly
Native extension for WindowsStandalone target not found
Native extension for WebGL target not found
Refreshing native plugins compatible for Editor in 0.54 ms, found 1 plugins.
Preloading 0 native plugins for Editor in 0.00 ms.
Invoked RoslynAnalysisRunner static constructor.
RoslynAnalysisRunner will not be running.
RoslynAnalysisRunner has terminated.
Mono: successfully reloaded assembly
- Completed reload, in  1.402 seconds
Platform modules already initialized, skipping
Refreshing native plugins compatible for Editor in 0.67 ms, found 1 plugins.
Preloading 0 native plugins for Editor in 0.00 ms.
Unloading 1820 Unused Serialized files (Serialized files now loaded: 0)
System memory in use before: 90.2 MB.
System memory in use after: 90.2 MB.

Unloading 14 unused Assets to reduce memory usage. Loaded Objects now: 2430.
Total: 5.373700 ms (FindLiveObjects: 1.185100 ms CreateObjectMapping: 1.418800 ms MarkObjects: 2.628000 ms  DeleteObjects: 0.140500 ms)

========================================================================
Received Import Request.
  Time since last request: 354.816659 seconds.
  path: Assets/Prefabs/BreakableBlock.prefab
  artifactKey: Guid(4aff2e2303b58964cb34d3a16545069e) Importer(815301076,1909f56bfc062723c751e8b465ee728b)
Start importing Assets/Prefabs/BreakableBlock.prefab using Guid(4aff2e2303b58964cb34d3a16545069e) Importer(815301076,1909f56bfc062723c751e8b465ee728b)  -> (artifact id: '92d51d43e532f88b86386bdebaa3cdad') in 0.102428 seconds
  Import took 0.106887 seconds .

AssetImportWorkerClient::OnTransportError - code=2 error=End of file
